<?xml version="1.0" encoding="UTF-8"?>
<!-- Generated by org.testng.reporters.JUnitReportReporter -->
<testsuite skipped="0" hostname="MaxMini.local" name="Max.Day21tasks.LoginPage" tests="5" failures="0" timestamp="01 May 2018 05:39:17 GMT" time="6.024" errors="0">
  <testcase name="register" time="0.980" classname="Max.Day21tasks.LoginPage"/>
  <testcase name="forgotPass" time="1.855" classname="Max.Day21tasks.LoginPage"/>
  <testcase name="enterPassword" time="0.190" classname="Max.Day21tasks.LoginPage"/>
  <testcase name="submitLogin" time="2.586" classname="Max.Day21tasks.LoginPage"/>
  <testcase name="enterEmail" time="0.413" classname="Max.Day21tasks.LoginPage"/>
</testsuite> <!-- Max.Day21tasks.LoginPage -->
